<?xml version="1.0" encoding="UTF-8"?>
<testng-results skipped="0" failed="0" ignored="0" total="1" passed="1">
  <reporter-output>
  </reporter-output>
  <suite name="Default suite" duration-ms="29334" started-at="2020-08-09T17:34:19 IST" finished-at="2020-08-09T17:34:49 IST">
    <groups>
    </groups>
    <test name="Default test" duration-ms="29334" started-at="2020-08-09T17:34:19 IST" finished-at="2020-08-09T17:34:49 IST">
      <class name="appium_virtual_real.Scrolling_vertical">
        <test-method status="PASS" signature="ApidemoAppTest()[pri:0, instance:appium_virtual_real.Scrolling_vertical@396f6598]" name="ApidemoAppTest" duration-ms="29271" started-at="2020-08-09T17:34:19 IST" finished-at="2020-08-09T17:34:49 IST">
          <reporter-output>
          </reporter-output>
        </test-method> <!-- ApidemoAppTest -->
      </class> <!-- appium_virtual_real.Scrolling_vertical -->
    </test> <!-- Default test -->
  </suite> <!-- Default suite -->
</testng-results>
